<?xml version="1.0" encoding="UTF-8"?>
<!-- Generated by org.testng.reporters.JUnitReportReporter -->
<testsuite hostname="DESKTOP-1J4VCE7" failures="0" tests="1" name="ai.myalice.app.testcase.T001_CreateNewAccount" time="3.456" errors="0" timestamp="2024-08-25T01:02:54 BDT" skipped="0">
  <testcase classname="ai.myalice.app.testcase.T001_CreateNewAccount" name="mangaDetailsModal" time="3.456"/>
</testsuite> <!-- ai.myalice.app.testcase.T001_CreateNewAccount -->
